<?xml version="1.0" encoding="UTF-8"?>
<!-- Generated by org.testng.reporters.JUnitReportReporter -->
<testsuite hostname="Kavitha_Bandiga" failures="0" tests="4" name="testcases.FindNewCarsTest" time="29.357" errors="0" timestamp="07 Nov 2023 07:48:50 GMT" skipped="0">
  <testcase classname="testcases.FindNewCarsTest" name="FindNewCars" time="6.082"/>
  <testcase classname="testcases.FindNewCarsTest" name="FindNewCars" time="6.413"/>
  <testcase classname="testcases.FindNewCarsTest" name="FindNewCars" time="10.720"/>
  <testcase classname="testcases.FindNewCarsTest" name="FindNewCars" time="6.142"/>
</testsuite> <!-- testcases.FindNewCarsTest -->
