<?xml version="1.0" encoding="UTF-8"?>
<!-- Generated by org.testng.reporters.JUnitReportReporter -->
<testsuite hostname="Kavitha_Bandiga" failures="0" tests="4" name="testcases.CarNamesAndPriceTest" time="25.803" errors="0" timestamp="07 Nov 2023 07:48:50 GMT" skipped="0">
  <testcase classname="testcases.CarNamesAndPriceTest" name="carNamesAndPrices" time="6.293"/>
  <testcase classname="testcases.CarNamesAndPriceTest" name="carNamesAndPrices" time="6.533"/>
  <testcase classname="testcases.CarNamesAndPriceTest" name="carNamesAndPrices" time="6.534"/>
  <testcase classname="testcases.CarNamesAndPriceTest" name="carNamesAndPrices" time="6.443"/>
</testsuite> <!-- testcases.CarNamesAndPriceTest -->
